*******************************************
访问者:http://localhost:3000
访问地址:/api/getSubareaData?page=1
内容: 
时间:2020-6-18 15:34:21
*******************************************
访问者:http://localhost:3000
访问地址:/api/getSubareaData?page=1
内容: 
时间:2020-6-18 15:34:21
*******************************************
访问者:undefined
访问地址:/api/source/subareaImages/p6.jpg
内容: 
时间:2020-6-18 15:34:21
*******************************************
访问者:undefined
访问地址:/api/source/subareaImages/p4.jpg
内容: 
时间:2020-6-18 15:34:21
*******************************************
访问者:undefined
访问地址:/api/source/subareaImages/p7.jpg
内容: 
时间:2020-6-18 15:34:21
*******************************************
访问者:undefined
访问地址:/api/source/subareaImages/p9.jpg
内容: 
时间:2020-6-18 15:34:21
*******************************************
访问者:undefined
访问地址:/api/source/subareaImages/p8.jpg
内容: 
时间:2020-6-18 15:34:21
*******************************************
访问者:undefined
访问地址:/api/source/subareaImages/p2.jpg
内容: 
时间:2020-6-18 15:34:21
*******************************************
访问者:undefined
访问地址:/api/source/subareaImages/p5.jpg
内容: 
时间:2020-6-18 15:34:21
*******************************************
访问者:undefined
访问地址:/api/source/subareaImages/p1.jpg
内容: 
时间:2020-6-18 15:34:21
*******************************************
访问者:undefined
访问地址:/api/source/subareaImages/p10.jpg
内容: 
时间:2020-6-18 15:34:21
*******************************************
访问者:undefined
访问地址:/api/source/subareaImages/p11.jpg
内容: 
时间:2020-6-18 15:34:21
*******************************************
访问者:http://localhost:3000
访问地址:/api/admin/getAllUsers?page=1
内容: 
时间:2020-6-18 15:34:21
*******************************************
访问者:http://localhost:3000
访问地址:/api/admin/getAllUsers?page=1
内容: 
时间:2020-6-18 15:34:21
*******************************************
访问者:undefined
访问地址:/api/source/icon/p1.jpg
内容: 
时间:2020-6-18 15:34:21
*******************************************
访问者:undefined
访问地址:/api/source/icon/p6.jpg
内容: 
时间:2020-6-18 15:34:21
*******************************************
访问者:undefined
访问地址:/api/source/icon/p4.jpg
内容: 
时间:2020-6-18 15:34:21
*******************************************
访问者:undefined
访问地址:/api/source/icon/p2.jpg
内容: 
时间:2020-6-18 15:34:21
*******************************************
访问者:undefined
访问地址:/api/source/icon/p3.jpg
内容: 
时间:2020-6-18 15:34:21
*******************************************
访问者:undefined
访问地址:/api/source/icon/p5.jpg
内容: 
时间:2020-6-18 15:34:21
*******************************************
访问者:http://localhost:3000
访问地址:/api/getSubareaData?page=1
内容: 
时间:2020-6-18 15:34:21
*******************************************
访问者:http://localhost:3000
访问地址:/api/getSubareaData?page=1
内容: 
时间:2020-6-18 15:34:21
*******************************************
访问者:undefined
访问地址:/api/source/subareaImages/p6.jpg
内容: 
时间:2020-6-18 15:34:21
*******************************************
访问者:undefined
访问地址:/api/source/subareaImages/p4.jpg
内容: 
时间:2020-6-18 15:34:21
*******************************************
访问者:undefined
访问地址:/api/source/subareaImages/p7.jpg
内容: 
时间:2020-6-18 15:34:21
*******************************************
访问者:undefined
访问地址:/api/source/subareaImages/p9.jpg
内容: 
时间:2020-6-18 15:34:21
*******************************************
访问者:undefined
访问地址:/api/source/subareaImages/p2.jpg
内容: 
时间:2020-6-18 15:34:21
*******************************************
访问者:undefined
访问地址:/api/source/subareaImages/p8.jpg
内容: 
时间:2020-6-18 15:34:21
*******************************************
访问者:undefined
访问地址:/api/source/subareaImages/p5.jpg
内容: 
时间:2020-6-18 15:34:21
*******************************************
访问者:undefined
访问地址:/api/source/subareaImages/p1.jpg
内容: 
时间:2020-6-18 15:34:21
*******************************************
访问者:undefined
访问地址:/api/source/subareaImages/p10.jpg
内容: 
时间:2020-6-18 15:34:21
*******************************************
访问者:undefined
访问地址:/api/source/subareaImages/p11.jpg
内容: 
时间:2020-6-18 15:34:21
*******************************************
访问者:http://localhost:3000
访问地址:/api/admin/getAllUsers?page=1
内容: 
时间:2020-6-18 15:34:21
*******************************************
访问者:http://localhost:3000
访问地址:/api/admin/getAllUsers?page=1
内容: 
时间:2020-6-18 15:34:21
*******************************************
访问者:http://localhost:3000
访问地址:/api/getSubareaData?page=1
内容: 
时间:2020-6-18 15:34:21
*******************************************
访问者:undefined
访问地址:/api/source/subareaImages/p6.jpg
内容: 
时间:2020-6-18 15:34:21
*******************************************
访问者:undefined
访问地址:/api/source/subareaImages/p4.jpg
内容: 
时间:2020-6-18 15:34:21
*******************************************
访问者:undefined
访问地址:/api/source/subareaImages/p7.jpg
内容: 
时间:2020-6-18 15:34:21
*******************************************
访问者:undefined
访问地址:/api/source/subareaImages/p8.jpg
内容: 
时间:2020-6-18 15:34:21
*******************************************
访问者:undefined
访问地址:/api/source/subareaImages/p9.jpg
内容: 
时间:2020-6-18 15:34:21
*******************************************
访问者:undefined
访问地址:/api/source/subareaImages/p2.jpg
内容: 
时间:2020-6-18 15:34:21
*******************************************
访问者:undefined
访问地址:/api/source/subareaImages/p5.jpg
内容: 
时间:2020-6-18 15:34:21
*******************************************
访问者:undefined
访问地址:/api/source/subareaImages/p1.jpg
内容: 
时间:2020-6-18 15:34:21
*******************************************
访问者:undefined
访问地址:/api/source/subareaImages/p10.jpg
内容: 
时间:2020-6-18 15:34:21
*******************************************
访问者:undefined
访问地址:/api/source/subareaImages/p11.jpg
内容: 
时间:2020-6-18 15:34:21
*******************************************
访问者:http://localhost:3000
访问地址:/api/getSubareaData?page=1
内容: 
时间:2020-6-18 15:34:21
*******************************************
访问者:http://localhost:3000
访问地址:/api/getSubareaData?page=1
内容: 
时间:2020-6-18 15:34:21
*******************************************
访问者:http://localhost:3000
访问地址:/api/admin/getAllUsers?page=1
内容: 
时间:2020-6-18 15:34:21
*******************************************
访问者:http://localhost:3000
访问地址:/api/admin/getAllUsers?page=1
内容: 
时间:2020-6-18 15:34:21
*******************************************
访问者:http://localhost:3000
访问地址:/api/getSubareaData?page=1
内容: 
时间:2020-6-18 15:34:21
*******************************************
访问者:http://localhost:3000
访问地址:/api/getSubareaData?page=1
内容: 
时间:2020-6-18 15:34:21
*******************************************
访问者:undefined
访问地址:/api/source/subareaImages/p6.jpg
内容: 
时间:2020-6-18 15:34:21
*******************************************
访问者:undefined
访问地址:/api/source/subareaImages/p4.jpg
内容: 
时间:2020-6-18 15:34:21
*******************************************
访问者:undefined
访问地址:/api/source/subareaImages/p7.jpg
内容: 
时间:2020-6-18 15:34:21
*******************************************
访问者:undefined
访问地址:/api/source/subareaImages/p8.jpg
内容: 
时间:2020-6-18 15:34:21
*******************************************
访问者:undefined
访问地址:/api/source/subareaImages/p9.jpg
内容: 
时间:2020-6-18 15:34:21
*******************************************
访问者:undefined
访问地址:/api/source/subareaImages/p2.jpg
内容: 
时间:2020-6-18 15:34:21
*******************************************
访问者:undefined
访问地址:/api/source/subareaImages/p5.jpg
内容: 
时间:2020-6-18 15:34:21
*******************************************
访问者:undefined
访问地址:/api/source/subareaImages/p1.jpg
内容: 
时间:2020-6-18 15:34:21
*******************************************
访问者:undefined
访问地址:/api/source/subareaImages/p10.jpg
内容: 
时间:2020-6-18 15:34:21
*******************************************
访问者:undefined
访问地址:/api/source/subareaImages/p11.jpg
内容: 
时间:2020-6-18 15:34:21
*******************************************
访问者:http://localhost:3000
访问地址:/api/admin/getAllUsers?page=1
内容: 
时间:2020-6-18 15:34:21
*******************************************
访问者:http://localhost:3000
访问地址:/api/admin/getAllUsers?page=1
内容: 
时间:2020-6-18 15:34:21
*******************************************
访问者:undefined
访问地址:/api/source/icon/p1.jpg
内容: 
时间:2020-6-18 15:34:21
*******************************************
访问者:undefined
访问地址:/api/source/icon/p2.jpg
内容: 
时间:2020-6-18 15:34:21
*******************************************
访问者:undefined
访问地址:/api/source/icon/p3.jpg
内容: 
时间:2020-6-18 15:34:21
*******************************************
访问者:undefined
访问地址:/api/source/icon/p4.jpg
内容: 
时间:2020-6-18 15:34:21
*******************************************
访问者:undefined
访问地址:/api/source/icon/p5.jpg
内容: 
时间:2020-6-18 15:34:21
*******************************************
访问者:undefined
访问地址:/api/source/icon/p6.jpg
内容: 
时间:2020-6-18 15:34:21
*******************************************
访问者:http://localhost:3000
访问地址:/api/getSubareaData?page=1
内容: 
时间:2020-6-18 15:34:21
*******************************************
访问者:http://localhost:3000
访问地址:/api/admin/login
内容: 
时间:2020-6-18 15:34:21
*******************************************
访问者:http://localhost:3000
访问地址:/api/admin/login
内容: 
时间:2020-6-18 15:34:21
*******************************************
访问者:http://localhost:3000
访问地址:/api/getSubareaData?page=1
内容: 
时间:2020-6-18 15:34:21
*******************************************
访问者:http://localhost:3000
访问地址:/api/getSubareaData?page=1
内容: 
时间:2020-6-18 15:34:21
*******************************************
访问者:undefined
访问地址:/api/source/subareaImages/p6.jpg
内容: 
时间:2020-6-18 15:34:21
*******************************************
访问者:undefined
访问地址:/api/source/subareaImages/p7.jpg
内容: 
时间:2020-6-18 15:34:21
*******************************************
访问者:undefined
访问地址:/api/source/subareaImages/p4.jpg
内容: 
时间:2020-6-18 15:34:21
*******************************************
访问者:undefined
访问地址:/api/source/subareaImages/p9.jpg
内容: 
时间:2020-6-18 15:34:21
*******************************************
访问者:undefined
访问地址:/api/source/subareaImages/p8.jpg
内容: 
时间:2020-6-18 15:34:21
*******************************************
访问者:undefined
访问地址:/api/source/subareaImages/p2.jpg
内容: 
时间:2020-6-18 15:34:21
*******************************************
访问者:undefined
访问地址:/api/source/subareaImages/p5.jpg
内容: 
时间:2020-6-18 15:34:21
*******************************************
访问者:undefined
访问地址:/api/source/subareaImages/p1.jpg
内容: 
时间:2020-6-18 15:34:21
*******************************************
访问者:undefined
访问地址:/api/source/subareaImages/p10.jpg
内容: 
时间:2020-6-18 15:34:21
*******************************************
访问者:undefined
访问地址:/api/source/subareaImages/p11.jpg
内容: 
时间:2020-6-18 15:34:21
*******************************************
访问者:http://localhost:3000
访问地址:/api/admin/getAllUsers?page=1
内容: 
时间:2020-6-18 15:34:21
*******************************************
访问者:http://localhost:3000
访问地址:/api/admin/getAllUsers?page=1
内容: 
时间:2020-6-18 15:34:21
*******************************************
访问者:undefined
访问地址:/api/source/icon/p1.jpg
内容: 
时间:2020-6-18 15:34:21
*******************************************
访问者:undefined
访问地址:/api/source/icon/p3.jpg
内容: 
时间:2020-6-18 15:34:21
*******************************************
访问者:undefined
访问地址:/api/source/icon/p2.jpg
内容: 
时间:2020-6-18 15:34:21
*******************************************
访问者:undefined
访问地址:/api/source/icon/p4.jpg
内容: 
时间:2020-6-18 15:34:21
*******************************************
访问者:undefined
访问地址:/api/source/icon/p5.jpg
内容: 
时间:2020-6-18 15:34:21
*******************************************
访问者:undefined
访问地址:/api/source/icon/p6.jpg
内容: 
时间:2020-6-18 15:34:21
*******************************************
访问者:http://localhost:3000
访问地址:/api/getSubareaData?page=1
内容: 
时间:2020-6-18 15:34:21
*******************************************
访问者:undefined
访问地址:/api/source/subareaImages/p6.jpg
内容: 
时间:2020-6-18 15:34:21
*******************************************
访问者:undefined
访问地址:/api/source/subareaImages/p4.jpg
内容: 
时间:2020-6-18 15:34:21
*******************************************
访问者:undefined
访问地址:/api/source/subareaImages/p9.jpg
内容: 
时间:2020-6-18 15:34:21
*******************************************
访问者:undefined
访问地址:/api/source/subareaImages/p7.jpg
内容: 
时间:2020-6-18 15:34:21
*******************************************
访问者:undefined
访问地址:/api/source/subareaImages/p8.jpg
内容: 
时间:2020-6-18 15:34:21
*******************************************
访问者:undefined
访问地址:/api/source/subareaImages/p2.jpg
内容: 
时间:2020-6-18 15:34:21
*******************************************
访问者:undefined
访问地址:/api/source/subareaImages/p5.jpg
内容: 
时间:2020-6-18 15:34:21
*******************************************
访问者:undefined
访问地址:/api/source/subareaImages/p1.jpg
内容: 
时间:2020-6-18 15:34:21
*******************************************
访问者:undefined
访问地址:/api/source/subareaImages/p10.jpg
内容: 
时间:2020-6-18 15:34:21
*******************************************
访问者:undefined
访问地址:/api/source/subareaImages/p11.jpg
内容: 
时间:2020-6-18 15:34:21
*******************************************
访问者:http://localhost:3000
访问地址:/api/admin/getAllUsers?page=1
内容: 
时间:2020-6-18 16:10:16
*******************************************
访问者:http://localhost:3000
访问地址:/api/admin/getAllUsers?page=1
内容: 
时间:2020-6-18 16:10:16
*******************************************
访问者:undefined
访问地址:/api/source/icon/p1.jpg
内容: 
时间:2020-6-18 16:10:16
*******************************************
访问者:undefined
访问地址:/api/source/icon/p2.jpg
内容: 
时间:2020-6-18 16:10:16
*******************************************
访问者:undefined
访问地址:/api/source/icon/p4.jpg
内容: 
时间:2020-6-18 16:10:16
*******************************************
访问者:undefined
访问地址:/api/source/icon/p5.jpg
内容: 
时间:2020-6-18 16:10:16
*******************************************
访问者:undefined
访问地址:/api/source/icon/p3.jpg
内容: 
时间:2020-6-18 16:10:16
*******************************************
访问者:undefined
访问地址:/api/source/icon/p6.jpg
内容: 
时间:2020-6-18 16:10:16
*******************************************
访问者:http://localhost:3000
访问地址:/api/getSubareaData?page=1
内容: 
时间:2020-6-18 16:10:16
*******************************************
访问者:http://localhost:3000
访问地址:/api/getSubareaData?page=1
内容: 
时间:2020-6-18 16:10:16
*******************************************
访问者:http://localhost:3000
访问地址:/api/admin/getAllUsers?page=1
内容: 
时间:2020-6-18 16:10:16
*******************************************
访问者:undefined
访问地址:/api/source/icon/p1.jpg
内容: 
时间:2020-6-18 16:10:16
*******************************************
访问者:undefined
访问地址:/api/source/icon/p2.jpg
内容: 
时间:2020-6-18 16:10:16
*******************************************
访问者:undefined
访问地址:/api/source/icon/p3.jpg
内容: 
时间:2020-6-18 16:10:16
*******************************************
访问者:undefined
访问地址:/api/source/icon/p6.jpg
内容: 
时间:2020-6-18 16:10:16
*******************************************
访问者:undefined
访问地址:/api/source/icon/p4.jpg
内容: 
时间:2020-6-18 16:10:16
*******************************************
访问者:undefined
访问地址:/api/source/icon/p5.jpg
内容: 
时间:2020-6-18 16:10:16
*******************************************
访问者:http://localhost:3000
访问地址:/api/admin/ceshi
内容: 
时间:2020-6-18 16:10:16
*******************************************
访问者:http://localhost:3000
访问地址:/api/admin/ceshi
内容: 
时间:2020-6-18 16:10:16
*******************************************
访问者:http://localhost:3000
访问地址:/api/admin/ceshi
内容: 
时间:2020-6-18 16:18:15
*******************************************
访问者:http://localhost:3000
访问地址:/api/admin/ceshi
内容: 
时间:2020-6-18 16:18:59
*******************************************
访问者:http://localhost:3000
访问地址:/api/admin/ceshi
内容: 
时间:2020-6-18 16:18:59
*******************************************
访问者:http://localhost:3000
访问地址:/api/admin/ceshi
内容: 
时间:2020-6-18 16:19:25
*******************************************
访问者:http://localhost:3000
访问地址:/api/admin/ceshi
内容: 
时间:2020-6-18 16:19:25
*******************************************
访问者:http://localhost:3000
访问地址:/api/admin/ceshi
内容: 
时间:2020-6-18 16:19:25
*******************************************
访问者:http://localhost:3000
访问地址:/api/admin/ceshi
内容: 
时间:2020-6-18 16:20:20
*******************************************
访问者:http://localhost:3000
访问地址:/api/admin/ceshi
内容: 
时间:2020-6-18 16:20:20
*******************************************
访问者:http://localhost:3000
访问地址:/api/admin/ceshi
内容: 
时间:2020-6-18 16:20:20
*******************************************
访问者:http://localhost:3000
访问地址:/api/admin/ceshi
内容: 
时间:2020-6-18 16:20:20
*******************************************
访问者:http://localhost:3000
访问地址:/api/admin/ceshi
内容: 
时间:2020-6-18 16:20:20
*******************************************
访问者:http://localhost:3000
访问地址:/api/getSubareaData?page=1
内容: 
时间:2020-6-18 16:20:20
*******************************************
访问者:http://localhost:3000
访问地址:/api/admin/getAllUsers?page=1
内容: 
时间:2020-6-18 16:20:20
*******************************************
访问者:http://localhost:3000
访问地址:/api/getSubareaData?page=1
内容: 
时间:2020-6-18 16:20:20
*******************************************
访问者:http://localhost:3000
访问地址:/api/getSubareaData?page=1
内容: 
时间:2020-6-18 16:20:20
*******************************************
访问者:http://localhost:3000
访问地址:/api/admin/getAllUsers?page=1
内容: 
时间:2020-6-18 16:20:20
*******************************************
访问者:http://localhost:3000
访问地址:/api/getSubareaData?page=1
内容: 
时间:2020-6-18 16:20:20
*******************************************
访问者:undefined
访问地址:/api/admin/getAllUsers?page=0&pagesize=111
内容: 
时间:2020-6-18 16:20:20
*******************************************
访问者:http://localhost:3000
访问地址:/api/admin/getAllUsers?page=1
内容: 
时间:2020-6-18 16:20:20
*******************************************
访问者:http://localhost:3000
访问地址:/api/getSubareaData?page=1
内容: 
时间:2020-6-18 16:20:20
*******************************************
访问者:http://localhost:3000
访问地址:/api/admin/getAllUsers?page=1
内容: 
时间:2020-6-18 16:20:20
*******************************************
访问者:http://localhost:3000
访问地址:/api/admin/getAllUsers?page=1
内容: 
时间:2020-6-18 16:20:20
*******************************************
访问者:http://localhost:3000
访问地址:/api/getSubareaData?page=1
内容: 
时间:2020-6-18 16:20:20
*******************************************
访问者:http://localhost:3000
访问地址:/api/getSubareaData?page=1
内容: 
时间:2020-6-18 16:20:20
*******************************************
访问者:http://localhost:3000
访问地址:/api/admin/getAllUsers?page=1
内容: 
时间:2020-6-18 16:20:20
*******************************************
访问者:http://localhost:3000
访问地址:/api/getSubareaData?page=1
内容: 
时间:2020-6-18 16:20:20
*******************************************
访问者:http://localhost:3000
访问地址:/api/admin/updateSubarea?id=undefined&title=undefined
内容: 
时间:2020-6-18 16:20:20
*******************************************
访问者:http://localhost:3000
访问地址:/api/admin/getAllUsers?page=1
内容: 
时间:2020-6-18 16:20:20
*******************************************
访问者:http://localhost:3000
访问地址:/api/getSubareaData?page=1
内容: 
时间:2020-6-18 16:20:20
*******************************************
访问者:http://localhost:3000
访问地址:/api/admin/getAllUsers?page=1
内容: 
时间:2020-6-18 16:20:20
*******************************************
访问者:http://localhost:3000
访问地址:/api/getSubareaData?page=1
内容: 
时间:2020-6-18 16:20:20
*******************************************
访问者:http://localhost:3000
访问地址:/api/admin/getAllUsers?page=1
内容: 
时间:2020-6-18 16:20:20
*******************************************
访问者:http://localhost:3000
访问地址:/api/getSubareaData?page=1
内容: 
时间:2020-6-18 16:20:20
*******************************************
访问者:http://localhost:3000
访问地址:/api/admin/getAllUsers?page=1
内容: 
时间:2020-6-18 16:20:20
*******************************************
访问者:http://localhost:3000
访问地址:/api/getSubareaData?page=1
内容: 
时间:2020-6-18 16:20:20
*******************************************
访问者:http://localhost:3000
访问地址:/api/admin/login
内容: 
时间:2020-6-18 16:20:20
*******************************************
访问者:http://localhost:3000
访问地址:/api/admin/getAllUsers?page=1
内容: 
时间:2020-6-18 16:20:20
*******************************************
访问者:http://localhost:3000
访问地址:/api/admin/login
内容: 
时间:2020-6-18 16:20:20
*******************************************
访问者:http://localhost:3000
访问地址:/api/admin/login
内容: 
时间:2020-6-18 16:20:20
*******************************************
访问者:http://localhost:3000
访问地址:/api/admin/login
内容: 
时间:2020-6-18 17:13:24
*******************************************
访问者:http://localhost:3000
访问地址:/api/admin/login
内容: 
时间:2020-6-18 17:13:24
*******************************************
访问者:http://localhost:3000
访问地址:/api/getSubareaData?page=1
内容: 
时间:2020-6-18 17:13:24
*******************************************
访问者:http://localhost:3000
访问地址:/api/getSubareaData?page=1
内容: 
时间:2020-6-18 17:13:24
*******************************************
访问者:undefined
访问地址:/api/source/subareaImages/p9.jpg
内容: 
时间:2020-6-18 17:13:24
*******************************************
访问者:undefined
访问地址:/api/source/subareaImages/p2.jpg
内容: 
时间:2020-6-18 17:13:24
*******************************************
访问者:undefined
访问地址:/api/source/subareaImages/p6.jpg
内容: 
时间:2020-6-18 17:13:24
*******************************************
访问者:undefined
访问地址:/api/source/subareaImages/p7.jpg
内容: 
时间:2020-6-18 17:13:24
*******************************************
访问者:undefined
访问地址:/api/source/subareaImages/p4.jpg
内容: 
时间:2020-6-18 17:13:24
*******************************************
访问者:undefined
访问地址:/api/source/subareaImages/p8.jpg
内容: 
时间:2020-6-18 17:13:24
*******************************************
访问者:undefined
访问地址:/api/source/subareaImages/p5.jpg
内容: 
时间:2020-6-18 17:13:24
*******************************************
访问者:undefined
访问地址:/api/source/subareaImages/p10.jpg
内容: 
时间:2020-6-18 17:13:24
*******************************************
访问者:undefined
访问地址:/api/source/subareaImages/p1.jpg
内容: 
时间:2020-6-18 17:13:24
*******************************************
访问者:undefined
访问地址:/api/source/subareaImages/p11.jpg
内容: 
时间:2020-6-18 17:13:24
*******************************************
访问者:http://localhost:3000
访问地址:/api/admin/getAllUsers?page=1
内容: 
时间:2020-6-18 17:13:24
*******************************************
访问者:http://localhost:3000
访问地址:/api/admin/getAllUsers?page=1
内容: 
时间:2020-6-18 17:13:24
*******************************************
访问者:http://localhost:3000
访问地址:/api/admin/getAllUsers?page=1
内容: 
时间:2020-6-18 17:13:24
*******************************************
访问者:http://localhost:3000
访问地址:/api/admin/getAllUsers?page=1
内容: 
时间:2020-6-18 17:13:24
*******************************************
访问者:http://localhost:3000
访问地址:/api/admin/getAllUsers?page=1
内容: 
时间:2020-6-18 17:13:24
*******************************************
访问者:http://localhost:3000
访问地址:/api/admin/getAllUsers?page=1
内容: 
时间:2020-6-18 17:13:24
*******************************************
访问者:http://localhost:3000
访问地址:/api/admin/getAllUsers?page=1
内容: 
时间:2020-6-18 17:13:24
*******************************************
访问者:http://localhost:3000
访问地址:/api/admin/getAllUsers?page=1
内容: 
时间:2020-6-18 17:14:07
*******************************************
访问者:http://localhost:3000
访问地址:/api/admin/getAllUsers?page=1
内容: 
时间:2020-6-18 17:14:07
*******************************************
访问者:http://localhost:3000
访问地址:/api/getSubareaData?page=1
内容: 
时间:2020-6-18 17:14:07
*******************************************
访问者:http://localhost:3000
访问地址:/api/getSubareaData?page=1
内容: 
时间:2020-6-18 17:14:07
*******************************************
访问者:undefined
访问地址:/api/source/subareaImages/p6.jpg
内容: 
时间:2020-6-18 17:14:07
*******************************************
访问者:undefined
访问地址:/api/source/subareaImages/p4.jpg
内容: 
时间:2020-6-18 17:14:07
*******************************************
访问者:undefined
访问地址:/api/source/subareaImages/p9.jpg
内容: 
时间:2020-6-18 17:14:07
*******************************************
访问者:undefined
访问地址:/api/source/subareaImages/p8.jpg
内容: 
时间:2020-6-18 17:14:07
*******************************************
访问者:undefined
访问地址:/api/source/subareaImages/p7.jpg
内容: 
时间:2020-6-18 17:14:07
*******************************************
访问者:undefined
访问地址:/api/source/subareaImages/p2.jpg
内容: 
时间:2020-6-18 17:14:07
*******************************************
访问者:undefined
访问地址:/api/source/subareaImages/p5.jpg
内容: 
时间:2020-6-18 17:14:07
*******************************************
访问者:undefined
访问地址:/api/source/subareaImages/p1.jpg
内容: 
时间:2020-6-18 17:14:07
*******************************************
访问者:undefined
访问地址:/api/source/subareaImages/p10.jpg
内容: 
时间:2020-6-18 17:14:07
*******************************************
访问者:undefined
访问地址:/api/source/subareaImages/p11.jpg
内容: 
时间:2020-6-18 17:14:07
*******************************************
访问者:http://localhost:3000
访问地址:/api/admin/getAllUsers?page=1
内容: 
时间:2020-6-18 17:14:07
*******************************************
访问者:http://localhost:3000
访问地址:/api/admin/getAllUsers?page=1
内容: 
时间:2020-6-18 17:14:22
*******************************************
访问者:http://localhost:3000
访问地址:/api/admin/getAllUsers?page=1
内容: 
时间:2020-6-18 17:14:22
*******************************************
访问者:undefined
访问地址:/api/source/icon/p1.jpg
内容: 
时间:2020-6-18 17:14:22
*******************************************
访问者:undefined
访问地址:/api/source/icon/p2.jpg
内容: 
时间:2020-6-18 17:14:22
*******************************************
访问者:undefined
访问地址:/api/source/icon/p4.jpg
内容: 
时间:2020-6-18 17:14:22
*******************************************
访问者:undefined
访问地址:/api/source/icon/p3.jpg
内容: 
时间:2020-6-18 17:14:22
*******************************************
访问者:undefined
访问地址:/api/source/icon/p5.jpg
内容: 
时间:2020-6-18 17:14:22
*******************************************
访问者:undefined
访问地址:/api/source/icon/p6.jpg
内容: 
时间:2020-6-18 17:14:22
*******************************************
访问者:http://localhost:3000
访问地址:/api/admin/getAllUsers?page=1
内容: 
时间:2020-6-18 17:14:22
*******************************************
访问者:http://localhost:3000
访问地址:/api/admin/getAllUsers?page=1
内容: 
时间:2020-6-18 17:14:22
*******************************************
访问者:undefined
访问地址:/api/source/icon/p1.jpg
内容: 
时间:2020-6-18 17:14:22
*******************************************
访问者:undefined
访问地址:/api/source/icon/p2.jpg
内容: 
时间:2020-6-18 17:14:22
*******************************************
访问者:undefined
访问地址:/api/source/icon/p3.jpg
内容: 
时间:2020-6-18 17:14:22
*******************************************
访问者:undefined
访问地址:/api/source/icon/p4.jpg
内容: 
时间:2020-6-18 17:14:22
*******************************************
访问者:undefined
访问地址:/api/source/icon/p5.jpg
内容: 
时间:2020-6-18 17:14:22
*******************************************
访问者:undefined
访问地址:/api/source/icon/p6.jpg
内容: 
时间:2020-6-18 17:14:22
*******************************************
访问者:http://localhost:3000
访问地址:/api/admin/ceshi
内容: 
时间:2020-6-18 17:20:33
*******************************************
访问者:http://localhost:3000
访问地址:/api/admin/ceshi
内容: 
时间:2020-6-18 17:20:33
*******************************************
访问者:http://localhost:3000
访问地址:/api/admin/ceshi
内容: 
时间:2020-6-18 17:24:35
*******************************************
访问者:http://localhost:3000
访问地址:/api/admin/ceshi
内容: 
时间:2020-6-18 17:24:35
*******************************************
访问者:http://localhost:3000
访问地址:/api/admin/ceshi
内容: 
时间:2020-6-18 17:24:35
*******************************************
访问者:http://localhost:3000
访问地址:/api/admin/ceshi
内容: 
时间:2020-6-18 17:24:35
*******************************************
访问者:http://localhost:3000
访问地址:/api/admin/ceshi
内容: 
时间:2020-6-18 17:24:49
*******************************************
访问者:http://localhost:3000
访问地址:/api/admin/ceshi
内容: 
时间:2020-6-18 17:24:49
*******************************************
访问者:http://localhost:3000
访问地址:/api/admin/ceshi
内容: 
时间:2020-6-18 17:25:19
*******************************************
访问者:http://localhost:3000
访问地址:/api/admin/ceshi
内容: 
时间:2020-6-18 17:25:41
*******************************************
访问者:http://localhost:3000
访问地址:/api/admin/ceshi
内容: 
时间:2020-6-18 17:25:41
*******************************************
访问者:http://localhost:3000
访问地址:/api/admin/ceshi
内容: 
时间:2020-6-18 17:25:58
*******************************************
访问者:http://localhost:3000
访问地址:/api/admin/ceshi
内容: 
时间:2020-6-18 17:25:58
*******************************************
访问者:http://localhost:3000
访问地址:/api/admin/ceshi
内容: 
时间:2020-6-18 17:26:54
*******************************************
访问者:http://localhost:3000
访问地址:/api/admin/ceshi
内容: 
时间:2020-6-18 17:26:54
*******************************************
访问者:http://localhost:3001
访问地址:/api/smsCode?phonenumber=13750578093
内容: 
时间:2020-6-18 17:27:55
